# JRE version: OpenJDK Runtime Environment (17.0.6) (build 17.0.6+0-b2043.56-10027231)
# Java VM: OpenJDK 64-Bit Server VM (17.0.6+0-b2043.56-10027231, mixed mode, tiered, compressed oops, compressed class ptrs, g1 gc, windows-amd64)
GC Precious Log:
 CPUs: 4 total, 4 available
 Memory: 8097M
 Large Page Support: Disabled
 NUMA Support: Disabled
 Compressed Oops: Enabled (32-bit)
 Heap Region Size: 1M
 Heap Min Capacity: 8M
 Heap Initial Capacity: 128M
 Heap Max Capacity: 2G
 Pre-touch: Disabled
 Parallel Workers: 4
 Concurrent Workers: 1
 Concurrent Refinement Workers: 4
 Periodic GC: Disabled
Heap:
 garbage-first heap   total 360448K, used 294304K [0x0000000080000000, 0x0000000100000000)
  region size 1024K, 80 young (81920K), 2 survivors (2048K)
 Metaspace       used 122353K, committed 123456K, reserved 1163264K
  class space    used 16057K, committed 16576K, reserved 1048576K
GC Heap History (20 events):
Event: 52.511 GC heap after
{Heap after GC invocations=54 (full 0):
 garbage-first heap   total 288768K, used 175928K [0x0000000080000000, 0x0000000100000000)
  region size 1024K, 6 young (6144K), 6 survivors (6144K)
 Metaspace       used 98997K, committed 99840K, reserved 1138688K
  class space    used 13368K, committed 13760K, reserved 1048576K
}
Event: 53.421 GC heap before
{Heap before GC invocations=54 (full 0):
 garbage-first heap   total 288768K, used 240440K [0x0000000080000000, 0x0000000100000000)
  region size 1024K, 69 young (70656K), 6 survivors (6144K)
 Metaspace       used 98997K, committed 99840K, reserved 1138688K
  class space    used 13368K, committed 13760K, reserved 1048576K
}
Event: 53.432 GC heap after
{Heap after GC invocations=55 (full 0):
 garbage-first heap   total 288768K, used 177399K [0x0000000080000000, 0x0000000100000000)
  region size 1024K, 6 young (6144K), 6 survivors (6144K)
 Metaspace       used 98997K, committed 99840K, reserved 1138688K
  class space    used 13368K, committed 13760K, reserved 1048576K
}
Event: 54.184 GC heap before
{Heap before GC invocations=55 (full 0):
 garbage-first heap   total 288768K, used 242935K [0x0000000080000000, 0x0000000100000000)
  region size 1024K, 70 young (71680K), 6 survivors (6144K)
 Metaspace       used 98997K, committed 99840K, reserved 1138688K
  class space    used 13368K, committed 13760K, reserved 1048576K
}
Event: 54.194 GC heap after
{Heap after GC invocations=56 (full 0):
 garbage-first heap   total 288768K, used 178908K [0x0000000080000000, 0x0000000100000000)
  region size 1024K, 5 young (5120K), 5 survivors (5120K)
 Metaspace       used 98997K, committed 99840K, reserved 1138688K
  class space    used 13368K, committed 13760K, reserved 1048576K
}
Event: 55.178 GC heap before
{Heap before GC invocations=56 (full 0):
 garbage-first heap   total 288768K, used 244444K [0x0000000080000000, 0x0000000100000000)
  region size 1024K, 69 young (70656K), 5 survivors (5120K)
 Metaspace       used 98997K, committed 99840K, reserved 1138688K
  class space    used 13368K, committed 13760K, reserved 1048576K
}
Event: 55.189 GC heap after
{Heap after GC invocations=57 (full 0):
 garbage-first heap   total 288768K, used 180461K [0x0000000080000000, 0x0000000100000000)
  region size 1024K, 5 young (5120K), 5 survivors (5120K)
 Metaspace       used 98997K, committed 99840K, reserved 1138688K
  class space    used 13368K, committed 13760K, reserved 1048576K
}
Event: 56.095 GC heap before
{Heap before GC invocations=57 (full 0):
 garbage-first heap   total 288768K, used 233709K [0x0000000080000000, 0x0000000100000000)
  region size 1024K, 54 young (55296K), 5 survivors (5120K)
 Metaspace       used 99037K, committed 99840K, reserved 1138688K
  class space    used 13380K, committed 13760K, reserved 1048576K
}
Event: 56.103 GC heap after
{Heap after GC invocations=58 (full 0):
 garbage-first heap   total 288768K, used 185987K [0x0000000080000000, 0x0000000100000000)
  region size 1024K, 5 young (5120K), 5 survivors (5120K)
 Metaspace       used 99037K, committed 99840K, reserved 1138688K
  class space    used 13380K, committed 13760K, reserved 1048576K
}
Event: 58.071 GC heap before
{Heap before GC invocations=59 (full 0):
 garbage-first heap   total 360448K, used 252547K [0x0000000080000000, 0x0000000100000000)
  region size 1024K, 58 young (59392K), 5 survivors (5120K)
 Metaspace       used 104293K, committed 105152K, reserved 1146880K
  class space    used 14050K, committed 14464K, reserved 1048576K
}
Event: 58.096 GC heap after
{Heap after GC invocations=60 (full 0):
 garbage-first heap   total 360448K, used 189577K [0x0000000080000000, 0x0000000100000000)
  region size 1024K, 8 young (8192K), 8 survivors (8192K)
 Metaspace       used 104293K, committed 105152K, reserved 1146880K
  class space    used 14050K, committed 14464K, reserved 1048576K
}
Event: 58.376 GC heap before
{Heap before GC invocations=60 (full 0):
 garbage-first heap   total 360448K, used 197769K [0x0000000080000000, 0x0000000100000000)
  region size 1024K, 17 young (17408K), 8 survivors (8192K)
 Metaspace       used 106294K, committed 107136K, reserved 1146880K
  class space    used 14287K, committed 14656K, reserved 1048576K
}
Event: 58.391 GC heap after
{Heap after GC invocations=61 (full 0):
 garbage-first heap   total 360448K, used 189852K [0x0000000080000000, 0x0000000100000000)
  region size 1024K, 2 young (2048K), 2 survivors (2048K)
 Metaspace       used 106294K, committed 107136K, reserved 1146880K
  class space    used 14287K, committed 14656K, reserved 1048576K
}
Event: 61.812 GC heap before
{Heap before GC invocations=61 (full 0):
 garbage-first heap   total 360448K, used 282012K [0x0000000080000000, 0x0000000100000000)
  region size 1024K, 93 young (95232K), 2 survivors (2048K)
 Metaspace       used 109988K, committed 110848K, reserved 1146880K
  class space    used 14704K, committed 15104K, reserved 1048576K
}
Event: 61.834 GC heap after
{Heap after GC invocations=62 (full 0):
 garbage-first heap   total 360448K, used 199140K [0x0000000080000000, 0x0000000100000000)
  region size 1024K, 11 young (11264K), 11 survivors (11264K)
 Metaspace       used 109988K, committed 110848K, reserved 1146880K
  class space    used 14704K, committed 15104K, reserved 1048576K
}
Event: 63.752 GC heap before
{Heap before GC invocations=62 (full 0):
 garbage-first heap   total 360448K, used 285156K [0x0000000080000000, 0x0000000100000000)
  region size 1024K, 96 young (98304K), 11 survivors (11264K)
 Metaspace       used 112013K, committed 112896K, reserved 1146880K
  class space    used 14918K, committed 15360K, reserved 1048576K
}
Event: 63.781 GC heap after
{Heap after GC invocations=63 (full 0):
 garbage-first heap   total 360448K, used 206030K [0x0000000080000000, 0x0000000100000000)
  region size 1024K, 9 young (9216K), 9 survivors (9216K)
 Metaspace       used 112013K, committed 112896K, reserved 1146880K
  class space    used 14918K, committed 15360K, reserved 1048576K
}
Event: 66.456 GC heap before
{Heap before GC invocations=63 (full 0):
 garbage-first heap   total 360448K, used 289998K [0x0000000080000000, 0x0000000100000000)
  region size 1024K, 91 young (93184K), 9 survivors (9216K)
 Metaspace       used 118985K, committed 120064K, reserved 1155072K
  class space    used 15825K, committed 16384K, reserved 1048576K
}
Event: 66.485 GC heap after
{Heap after GC invocations=64 (full 0):
 garbage-first heap   total 360448K, used 214432K [0x0000000080000000, 0x0000000100000000)
  region size 1024K, 9 young (9216K), 9 survivors (9216K)
 Metaspace       used 118985K, committed 120064K, reserved 1155072K
  class space    used 15825K, committed 16384K, reserved 1048576K
}
Event: 2723.800 GC heap before
{Heap before GC invocations=64 (full 0):
 garbage-first heap   total 360448K, used 293280K [0x0000000080000000, 0x0000000100000000)
  region size 1024K, 87 young (89088K), 9 survivors (9216K)
 Metaspace       used 122353K, committed 123456K, reserved 1163264K
  class space    used 16057K, committed 16576K, reserved 1048576K
}

